{"/Users/dj/repos/markets/.claude/worktrees/agent-ae8ee6f7/markets-app/app/+not-found.tsx": {"path":"/Users/dj/repos/markets/.claude/worktrees/agent-ae8ee6f7/markets-app/app/+not-found.tsx","statementMap":{"0":{"start":{"line":7,"column":2},"end":{"line":17,"column":4}}},"fnMap":{"0":{"name":"NotFoundScreen","decl":{"start":{"line":6,"column":24},"end":{"line":6,"column":38}},"loc":{"start":{"line":6,"column":41},"end":{"line":18,"column":1}},"line":6}},"branchMap":{},"s":{"0":0},"f":{"0":0},"b":{}}
,"/Users/dj/repos/markets/.claude/worktrees/agent-ae8ee6f7/markets-app/app/_layout.tsx": {"path":"/Users/dj/repos/markets/.claude/worktrees/agent-ae8ee6f7/markets-app/app/_layout.tsx","statementMap":{"0":{"start":{"line":17,"column":0},"end":{"line":17,"column":41}},"1":{"start":{"line":30,"column":2},"end":{"line":30,"column":53}},"2":{"start":{"line":34,"column":26},"end":{"line":36,"column":4}},"3":{"start":{"line":38,"column":2},"end":{"line":40,"column":14}},"4":{"start":{"line":39,"column":4},"end":{"line":39,"column":35}},"5":{"start":{"line":39,"column":23},"end":{"line":39,"column":35}},"6":{"start":{"line":42,"column":2},"end":{"line":46,"column":15}},"7":{"start":{"line":43,"column":4},"end":{"line":45,"column":5}},"8":{"start":{"line":44,"column":6},"end":{"line":44,"column":36}},"9":{"start":{"line":48,"column":2},"end":{"line":50,"column":3}},"10":{"start":{"line":49,"column":4},"end":{"line":49,"column":16}},"11":{"start":{"line":52,"column":2},"end":{"line":52,"column":27}},"12":{"start":{"line":56,"column":22},"end":{"line":56,"column":38}},"13":{"start":{"line":57,"column":36},"end":{"line":57,"column":45}},"14":{"start":{"line":58,"column":19},"end":{"line":58,"column":32}},"15":{"start":{"line":59,"column":17},"end":{"line":59,"column":28}},"16":{"start":{"line":61,"column":2},"end":{"line":75,"column":48}},"17":{"start":{"line":62,"column":24},"end":{"line":62,"column":48}},"18":{"start":{"line":64,"column":4},"end":{"line":74,"column":5}},"19":{"start":{"line":65,"column":6},"end":{"line":65,"column":32}},"20":{"start":{"line":66,"column":11},"end":{"line":74,"column":5}},"21":{"start":{"line":67,"column":6},"end":{"line":73,"column":7}},"22":{"start":{"line":68,"column":8},"end":{"line":68,"column":44}},"23":{"start":{"line":69,"column":13},"end":{"line":73,"column":7}},"24":{"start":{"line":70,"column":8},"end":{"line":70,"column":47}},"25":{"start":{"line":72,"column":8},"end":{"line":72,"column":47}},"26":{"start":{"line":77,"column":2},"end":{"line":87,"column":4}}},"fnMap":{"0":{"name":"useAuth","decl":{"start":{"line":27,"column":9},"end":{"line":27,"column":16}},"loc":{"start":{"line":27,"column":65},"end":{"line":31,"column":1}},"line":27},"1":{"name":"RootLayout","decl":{"start":{"line":33,"column":24},"end":{"line":33,"column":34}},"loc":{"start":{"line":33,"column":37},"end":{"line":53,"column":1}},"line":33},"2":{"name":"(anonymous_2)","decl":{"start":{"line":38,"column":12},"end":{"line":38,"column":13}},"loc":{"start":{"line":38,"column":18},"end":{"line":40,"column":3}},"line":38},"3":{"name":"(anonymous_3)","decl":{"start":{"line":42,"column":12},"end":{"line":42,"column":13}},"loc":{"start":{"line":42,"column":18},"end":{"line":46,"column":3}},"line":42},"4":{"name":"RootLayoutNav","decl":{"start":{"line":55,"column":9},"end":{"line":55,"column":22}},"loc":{"start":{"line":55,"column":25},"end":{"line":88,"column":1}},"line":55},"5":{"name":"(anonymous_5)","decl":{"start":{"line":61,"column":12},"end":{"line":61,"column":13}},"loc":{"start":{"line":61,"column":18},"end":{"line":75,"column":3}},"line":61}},"branchMap":{"0":{"loc":{"start":{"line":39,"column":4},"end":{"line":39,"column":35}},"type":"if","locations":[{"start":{"line":39,"column":4},"end":{"line":39,"column":35}},{"start":{},"end":{}}],"line":39},"1":{"loc":{"start":{"line":43,"column":4},"end":{"line":45,"column":5}},"type":"if","locations":[{"start":{"line":43,"column":4},"end":{"line":45,"column":5}},{"start":{},"end":{}}],"line":43},"2":{"loc":{"start":{"line":48,"column":2},"end":{"line":50,"column":3}},"type":"if","locations":[{"start":{"line":48,"column":2},"end":{"line":50,"column":3}},{"start":{},"end":{}}],"line":48},"3":{"loc":{"start":{"line":64,"column":4},"end":{"line":74,"column":5}},"type":"if","locations":[{"start":{"line":64,"column":4},"end":{"line":74,"column":5}},{"start":{"line":66,"column":11},"end":{"line":74,"column":5}}],"line":64},"4":{"loc":{"start":{"line":64,"column":8},"end":{"line":64,"column":40}},"type":"binary-expr","locations":[{"start":{"line":64,"column":8},"end":{"line":64,"column":24}},{"start":{"line":64,"column":28},"end":{"line":64,"column":40}}],"line":64},"5":{"loc":{"start":{"line":66,"column":11},"end":{"line":74,"column":5}},"type":"if","locations":[{"start":{"line":66,"column":11},"end":{"line":74,"column":5}},{"start":{},"end":{}}],"line":66},"6":{"loc":{"start":{"line":66,"column":15},"end":{"line":66,"column":45}},"type":"binary-expr","locations":[{"start":{"line":66,"column":15},"end":{"line":66,"column":30}},{"start":{"line":66,"column":34},"end":{"line":66,"column":45}}],"line":66},"7":{"loc":{"start":{"line":67,"column":6},"end":{"line":73,"column":7}},"type":"if","locations":[{"start":{"line":67,"column":6},"end":{"line":73,"column":7}},{"start":{"line":69,"column":13},"end":{"line":73,"column":7}}],"line":67},"8":{"loc":{"start":{"line":69,"column":13},"end":{"line":73,"column":7}},"type":"if","locations":[{"start":{"line":69,"column":13},"end":{"line":73,"column":7}},{"start":{"line":71,"column":13},"end":{"line":73,"column":7}}],"line":69},"9":{"loc":{"start":{"line":80,"column":14},"end":{"line":80,"column":89}},"type":"cond-expr","locations":[{"start":{"line":80,"column":66},"end":{"line":80,"column":77}},{"start":{"line":80,"column":80},"end":{"line":80,"column":89}}],"line":80},"10":{"loc":{"start":{"line":80,"column":14},"end":{"line":80,"column":63}},"type":"binary-expr","locations":[{"start":{"line":80,"column":14},"end":{"line":80,"column":36}},{"start":{"line":80,"column":40},"end":{"line":80,"column":63}}],"line":80},"11":{"loc":{"start":{"line":82,"column":30},"end":{"line":82,"column":79}},"type":"cond-expr","locations":[{"start":{"line":82,"column":55},"end":{"line":82,"column":64}},{"start":{"line":82,"column":67},"end":{"line":82,"column":79}}],"line":82}},"s":{"0":0,"1":0,"2":0,"3":0,"4":0,"5":0,"6":0,"7":0,"8":0,"9":0,"10":0,"11":0,"12":0,"13":0,"14":0,"15":0,"16":0,"17":0,"18":0,"19":0,"20":0,"21":0,"22":0,"23":0,"24":0,"25":0,"26":0},"f":{"0":0,"1":0,"2":0,"3":0,"4":0,"5":0},"b":{"0":[0,0],"1":[0,0],"2":[0,0],"3":[0,0],"4":[0,0],"5":[0,0],"6":[0,0],"7":[0,0],"8":[0,0],"9":[0,0],"10":[0,0],"11":[0,0]}}
,"/Users/dj/repos/markets/.claude/worktrees/agent-ae8ee6f7/markets-app/app/(auth)/_layout.tsx": {"path":"/Users/dj/repos/markets/.claude/worktrees/agent-ae8ee6f7/markets-app/app/(auth)/_layout.tsx","statementMap":{"0":{"start":{"line":4,"column":2},"end":{"line":8,"column":4}}},"fnMap":{"0":{"name":"AuthLayout","decl":{"start":{"line":3,"column":24},"end":{"line":3,"column":34}},"loc":{"start":{"line":3,"column":37},"end":{"line":9,"column":1}},"line":3}},"branchMap":{},"s":{"0":0},"f":{"0":0},"b":{}}
,"/Users/dj/repos/markets/.claude/worktrees/agent-ae8ee6f7/markets-app/app/(auth)/index.tsx": {"path":"/Users/dj/repos/markets/.claude/worktrees/agent-ae8ee6f7/markets-app/app/(auth)/index.tsx","statementMap":{"0":{"start":{"line":6,"column":2},"end":{"line":13,"column":4}}},"fnMap":{"0":{"name":"SignInScreen","decl":{"start":{"line":5,"column":24},"end":{"line":5,"column":36}},"loc":{"start":{"line":5,"column":39},"end":{"line":14,"column":1}},"line":5}},"branchMap":{},"s":{"0":0},"f":{"0":0},"b":{}}
,"/Users/dj/repos/markets/.claude/worktrees/agent-ae8ee6f7/markets-app/app/(customer)/_layout.tsx": {"path":"/Users/dj/repos/markets/.claude/worktrees/agent-ae8ee6f7/markets-app/app/(customer)/_layout.tsx","statementMap":{"0":{"start":{"line":5,"column":2},"end":{"line":32,"column":4}},"1":{"start":{"line":11,"column":43},"end":{"line":11,"column":79}},"2":{"start":{"line":19,"column":43},"end":{"line":19,"column":78}},"3":{"start":{"line":27,"column":43},"end":{"line":27,"column":77}}},"fnMap":{"0":{"name":"CustomerLayout","decl":{"start":{"line":4,"column":24},"end":{"line":4,"column":38}},"loc":{"start":{"line":4,"column":41},"end":{"line":33,"column":1}},"line":4},"1":{"name":"(anonymous_1)","decl":{"start":{"line":11,"column":22},"end":{"line":11,"column":23}},"loc":{"start":{"line":11,"column":43},"end":{"line":11,"column":79}},"line":11},"2":{"name":"(anonymous_2)","decl":{"start":{"line":19,"column":22},"end":{"line":19,"column":23}},"loc":{"start":{"line":19,"column":43},"end":{"line":19,"column":78}},"line":19},"3":{"name":"(anonymous_3)","decl":{"start":{"line":27,"column":22},"end":{"line":27,"column":23}},"loc":{"start":{"line":27,"column":43},"end":{"line":27,"column":77}},"line":27}},"branchMap":{},"s":{"0":0,"1":0,"2":0,"3":0},"f":{"0":0,"1":0,"2":0,"3":0},"b":{}}
,"/Users/dj/repos/markets/.claude/worktrees/agent-ae8ee6f7/markets-app/app/(customer)/discover.tsx": {"path":"/Users/dj/repos/markets/.claude/worktrees/agent-ae8ee6f7/markets-app/app/(customer)/discover.tsx","statementMap":{"0":{"start":{"line":6,"column":2},"end":{"line":11,"column":4}}},"fnMap":{"0":{"name":"DiscoverScreen","decl":{"start":{"line":5,"column":24},"end":{"line":5,"column":38}},"loc":{"start":{"line":5,"column":41},"end":{"line":12,"column":1}},"line":5}},"branchMap":{},"s":{"0":0},"f":{"0":0},"b":{}}
,"/Users/dj/repos/markets/.claude/worktrees/agent-ae8ee6f7/markets-app/app/(customer)/following.tsx": {"path":"/Users/dj/repos/markets/.claude/worktrees/agent-ae8ee6f7/markets-app/app/(customer)/following.tsx","statementMap":{"0":{"start":{"line":6,"column":2},"end":{"line":11,"column":4}}},"fnMap":{"0":{"name":"FollowingScreen","decl":{"start":{"line":5,"column":24},"end":{"line":5,"column":39}},"loc":{"start":{"line":5,"column":42},"end":{"line":12,"column":1}},"line":5}},"branchMap":{},"s":{"0":0},"f":{"0":0},"b":{}}
,"/Users/dj/repos/markets/.claude/worktrees/agent-ae8ee6f7/markets-app/app/(customer)/profile.tsx": {"path":"/Users/dj/repos/markets/.claude/worktrees/agent-ae8ee6f7/markets-app/app/(customer)/profile.tsx","statementMap":{"0":{"start":{"line":6,"column":2},"end":{"line":11,"column":4}}},"fnMap":{"0":{"name":"CustomerProfileScreen","decl":{"start":{"line":5,"column":24},"end":{"line":5,"column":45}},"loc":{"start":{"line":5,"column":48},"end":{"line":12,"column":1}},"line":5}},"branchMap":{},"s":{"0":0},"f":{"0":0},"b":{}}
,"/Users/dj/repos/markets/.claude/worktrees/agent-ae8ee6f7/markets-app/app/(manager)/_layout.tsx": {"path":"/Users/dj/repos/markets/.claude/worktrees/agent-ae8ee6f7/markets-app/app/(manager)/_layout.tsx","statementMap":{"0":{"start":{"line":5,"column":2},"end":{"line":32,"column":4}},"1":{"start":{"line":11,"column":43},"end":{"line":11,"column":88}},"2":{"start":{"line":19,"column":43},"end":{"line":19,"column":78}},"3":{"start":{"line":27,"column":43},"end":{"line":27,"column":77}}},"fnMap":{"0":{"name":"ManagerLayout","decl":{"start":{"line":4,"column":24},"end":{"line":4,"column":37}},"loc":{"start":{"line":4,"column":40},"end":{"line":33,"column":1}},"line":4},"1":{"name":"(anonymous_1)","decl":{"start":{"line":11,"column":22},"end":{"line":11,"column":23}},"loc":{"start":{"line":11,"column":43},"end":{"line":11,"column":88}},"line":11},"2":{"name":"(anonymous_2)","decl":{"start":{"line":19,"column":22},"end":{"line":19,"column":23}},"loc":{"start":{"line":19,"column":43},"end":{"line":19,"column":78}},"line":19},"3":{"name":"(anonymous_3)","decl":{"start":{"line":27,"column":22},"end":{"line":27,"column":23}},"loc":{"start":{"line":27,"column":43},"end":{"line":27,"column":77}},"line":27}},"branchMap":{},"s":{"0":0,"1":0,"2":0,"3":0},"f":{"0":0,"1":0,"2":0,"3":0},"b":{}}
,"/Users/dj/repos/markets/.claude/worktrees/agent-ae8ee6f7/markets-app/app/(manager)/dashboard.tsx": {"path":"/Users/dj/repos/markets/.claude/worktrees/agent-ae8ee6f7/markets-app/app/(manager)/dashboard.tsx","statementMap":{"0":{"start":{"line":6,"column":2},"end":{"line":11,"column":4}}},"fnMap":{"0":{"name":"DashboardScreen","decl":{"start":{"line":5,"column":24},"end":{"line":5,"column":39}},"loc":{"start":{"line":5,"column":42},"end":{"line":12,"column":1}},"line":5}},"branchMap":{},"s":{"0":0},"f":{"0":0},"b":{}}
,"/Users/dj/repos/markets/.claude/worktrees/agent-ae8ee6f7/markets-app/app/(manager)/profile.tsx": {"path":"/Users/dj/repos/markets/.claude/worktrees/agent-ae8ee6f7/markets-app/app/(manager)/profile.tsx","statementMap":{"0":{"start":{"line":6,"column":2},"end":{"line":11,"column":4}}},"fnMap":{"0":{"name":"ManagerProfileScreen","decl":{"start":{"line":5,"column":24},"end":{"line":5,"column":44}},"loc":{"start":{"line":5,"column":47},"end":{"line":12,"column":1}},"line":5}},"branchMap":{},"s":{"0":0},"f":{"0":0},"b":{}}
,"/Users/dj/repos/markets/.claude/worktrees/agent-ae8ee6f7/markets-app/app/(manager)/vendors.tsx": {"path":"/Users/dj/repos/markets/.claude/worktrees/agent-ae8ee6f7/markets-app/app/(manager)/vendors.tsx","statementMap":{"0":{"start":{"line":6,"column":2},"end":{"line":11,"column":4}}},"fnMap":{"0":{"name":"ManagerVendorsScreen","decl":{"start":{"line":5,"column":24},"end":{"line":5,"column":44}},"loc":{"start":{"line":5,"column":47},"end":{"line":12,"column":1}},"line":5}},"branchMap":{},"s":{"0":0},"f":{"0":0},"b":{}}
,"/Users/dj/repos/markets/.claude/worktrees/agent-ae8ee6f7/markets-app/app/(vendor)/_layout.tsx": {"path":"/Users/dj/repos/markets/.claude/worktrees/agent-ae8ee6f7/markets-app/app/(vendor)/_layout.tsx","statementMap":{"0":{"start":{"line":5,"column":2},"end":{"line":32,"column":4}},"1":{"start":{"line":11,"column":43},"end":{"line":11,"column":79}},"2":{"start":{"line":19,"column":43},"end":{"line":19,"column":81}},"3":{"start":{"line":27,"column":43},"end":{"line":27,"column":77}}},"fnMap":{"0":{"name":"VendorLayout","decl":{"start":{"line":4,"column":24},"end":{"line":4,"column":36}},"loc":{"start":{"line":4,"column":39},"end":{"line":33,"column":1}},"line":4},"1":{"name":"(anonymous_1)","decl":{"start":{"line":11,"column":22},"end":{"line":11,"column":23}},"loc":{"start":{"line":11,"column":43},"end":{"line":11,"column":79}},"line":11},"2":{"name":"(anonymous_2)","decl":{"start":{"line":19,"column":22},"end":{"line":19,"column":23}},"loc":{"start":{"line":19,"column":43},"end":{"line":19,"column":81}},"line":19},"3":{"name":"(anonymous_3)","decl":{"start":{"line":27,"column":22},"end":{"line":27,"column":23}},"loc":{"start":{"line":27,"column":43},"end":{"line":27,"column":77}},"line":27}},"branchMap":{},"s":{"0":0,"1":0,"2":0,"3":0},"f":{"0":0,"1":0,"2":0,"3":0},"b":{}}
,"/Users/dj/repos/markets/.claude/worktrees/agent-ae8ee6f7/markets-app/app/(vendor)/markets.tsx": {"path":"/Users/dj/repos/markets/.claude/worktrees/agent-ae8ee6f7/markets-app/app/(vendor)/markets.tsx","statementMap":{"0":{"start":{"line":6,"column":2},"end":{"line":11,"column":4}}},"fnMap":{"0":{"name":"VendorMarketsScreen","decl":{"start":{"line":5,"column":24},"end":{"line":5,"column":43}},"loc":{"start":{"line":5,"column":46},"end":{"line":12,"column":1}},"line":5}},"branchMap":{},"s":{"0":0},"f":{"0":0},"b":{}}
,"/Users/dj/repos/markets/.claude/worktrees/agent-ae8ee6f7/markets-app/app/(vendor)/profile.tsx": {"path":"/Users/dj/repos/markets/.claude/worktrees/agent-ae8ee6f7/markets-app/app/(vendor)/profile.tsx","statementMap":{"0":{"start":{"line":6,"column":2},"end":{"line":11,"column":4}}},"fnMap":{"0":{"name":"VendorProfileScreen","decl":{"start":{"line":5,"column":24},"end":{"line":5,"column":43}},"loc":{"start":{"line":5,"column":46},"end":{"line":12,"column":1}},"line":5}},"branchMap":{},"s":{"0":0},"f":{"0":0},"b":{}}
,"/Users/dj/repos/markets/.claude/worktrees/agent-ae8ee6f7/markets-app/app/(vendor)/status.tsx": {"path":"/Users/dj/repos/markets/.claude/worktrees/agent-ae8ee6f7/markets-app/app/(vendor)/status.tsx","statementMap":{"0":{"start":{"line":6,"column":2},"end":{"line":11,"column":4}}},"fnMap":{"0":{"name":"VendorStatusScreen","decl":{"start":{"line":5,"column":24},"end":{"line":5,"column":42}},"loc":{"start":{"line":5,"column":45},"end":{"line":12,"column":1}},"line":5}},"branchMap":{},"s":{"0":0},"f":{"0":0},"b":{}}
,"/Users/dj/repos/markets/.claude/worktrees/agent-ae8ee6f7/markets-app/components/gluestack-ui-provider/config.ts": {"path":"/Users/dj/repos/markets/.claude/worktrees/agent-ae8ee6f7/markets-app/components/gluestack-ui-provider/config.ts","statementMap":{"0":{"start":{"line":3,"column":22},"end":{"line":98,"column":1}}},"fnMap":{},"branchMap":{},"s":{"0":0},"f":{},"b":{}}
,"/Users/dj/repos/markets/.claude/worktrees/agent-ae8ee6f7/markets-app/components/gluestack-ui-provider/index.tsx": {"path":"/Users/dj/repos/markets/.claude/worktrees/agent-ae8ee6f7/markets-app/components/gluestack-ui-provider/index.tsx","statementMap":{"0":{"start":{"line":11,"column":22},"end":{"line":11,"column":38}},"1":{"start":{"line":12,"column":23},"end":{"line":12,"column":96}},"2":{"start":{"line":13,"column":23},"end":{"line":13,"column":43}},"3":{"start":{"line":15,"column":2},"end":{"line":19,"column":4}}},"fnMap":{"0":{"name":"GluestackUIProvider","decl":{"start":{"line":10,"column":16},"end":{"line":10,"column":35}},"loc":{"start":{"line":10,"column":82},"end":{"line":20,"column":1}},"line":10}},"branchMap":{"0":{"loc":{"start":{"line":12,"column":23},"end":{"line":12,"column":96}},"type":"cond-expr","locations":[{"start":{"line":12,"column":75},"end":{"line":12,"column":86}},{"start":{"line":12,"column":89},"end":{"line":12,"column":96}}],"line":12},"1":{"loc":{"start":{"line":12,"column":23},"end":{"line":12,"column":72}},"type":"binary-expr","locations":[{"start":{"line":12,"column":23},"end":{"line":12,"column":45}},{"start":{"line":12,"column":49},"end":{"line":12,"column":72}}],"line":12},"2":{"loc":{"start":{"line":13,"column":23},"end":{"line":13,"column":43}},"type":"binary-expr","locations":[{"start":{"line":13,"column":23},"end":{"line":13,"column":27}},{"start":{"line":13,"column":31},"end":{"line":13,"column":43}}],"line":13},"3":{"loc":{"start":{"line":16,"column":31},"end":{"line":16,"column":83}},"type":"cond-expr","locations":[{"start":{"line":16,"column":57},"end":{"line":16,"column":68}},{"start":{"line":16,"column":71},"end":{"line":16,"column":83}}],"line":16}},"s":{"0":0,"1":0,"2":0,"3":0},"f":{"0":0},"b":{"0":[0,0],"1":[0,0],"2":[0,0],"3":[0,0]}}
,"/Users/dj/repos/markets/.claude/worktrees/agent-ae8ee6f7/markets-app/components/ui/box/index.tsx": {"path":"/Users/dj/repos/markets/.claude/worktrees/agent-ae8ee6f7/markets-app/components/ui/box/index.tsx","statementMap":{"0":{"start":{"line":9,"column":2},"end":{"line":9,"column":51}}},"fnMap":{"0":{"name":"Box","decl":{"start":{"line":8,"column":16},"end":{"line":8,"column":19}},"loc":{"start":{"line":8,"column":55},"end":{"line":10,"column":1}},"line":8}},"branchMap":{},"s":{"0":0},"f":{"0":0},"b":{}}
,"/Users/dj/repos/markets/.claude/worktrees/agent-ae8ee6f7/markets-app/components/ui/button/index.tsx": {"path":"/Users/dj/repos/markets/.claude/worktrees/agent-ae8ee6f7/markets-app/components/ui/button/index.tsx","statementMap":{"0":{"start":{"line":14,"column":2},"end":{"line":14,"column":83}},"1":{"start":{"line":22,"column":2},"end":{"line":22,"column":53}}},"fnMap":{"0":{"name":"Button","decl":{"start":{"line":13,"column":16},"end":{"line":13,"column":22}},"loc":{"start":{"line":13,"column":61},"end":{"line":15,"column":1}},"line":13},"1":{"name":"ButtonText","decl":{"start":{"line":21,"column":16},"end":{"line":21,"column":26}},"loc":{"start":{"line":21,"column":69},"end":{"line":23,"column":1}},"line":21}},"branchMap":{},"s":{"0":0,"1":0},"f":{"0":0,"1":0},"b":{}}
,"/Users/dj/repos/markets/.claude/worktrees/agent-ae8ee6f7/markets-app/components/ui/heading/index.tsx": {"path":"/Users/dj/repos/markets/.claude/worktrees/agent-ae8ee6f7/markets-app/components/ui/heading/index.tsx","statementMap":{"0":{"start":{"line":9,"column":2},"end":{"line":9,"column":80}}},"fnMap":{"0":{"name":"Heading","decl":{"start":{"line":8,"column":16},"end":{"line":8,"column":23}},"loc":{"start":{"line":8,"column":63},"end":{"line":10,"column":1}},"line":8}},"branchMap":{},"s":{"0":0},"f":{"0":0},"b":{}}
,"/Users/dj/repos/markets/.claude/worktrees/agent-ae8ee6f7/markets-app/components/ui/input/index.tsx": {"path":"/Users/dj/repos/markets/.claude/worktrees/agent-ae8ee6f7/markets-app/components/ui/input/index.tsx","statementMap":{"0":{"start":{"line":9,"column":2},"end":{"line":9,"column":51}},"1":{"start":{"line":17,"column":2},"end":{"line":17,"column":56}}},"fnMap":{"0":{"name":"Input","decl":{"start":{"line":8,"column":16},"end":{"line":8,"column":21}},"loc":{"start":{"line":8,"column":59},"end":{"line":10,"column":1}},"line":8},"1":{"name":"InputField","decl":{"start":{"line":16,"column":16},"end":{"line":16,"column":26}},"loc":{"start":{"line":16,"column":69},"end":{"line":18,"column":1}},"line":16}},"branchMap":{},"s":{"0":0,"1":0},"f":{"0":0,"1":0},"b":{}}
,"/Users/dj/repos/markets/.claude/worktrees/agent-ae8ee6f7/markets-app/components/ui/text/index.tsx": {"path":"/Users/dj/repos/markets/.claude/worktrees/agent-ae8ee6f7/markets-app/components/ui/text/index.tsx","statementMap":{"0":{"start":{"line":9,"column":2},"end":{"line":9,"column":53}}},"fnMap":{"0":{"name":"Text","decl":{"start":{"line":8,"column":16},"end":{"line":8,"column":20}},"loc":{"start":{"line":8,"column":57},"end":{"line":10,"column":1}},"line":8}},"branchMap":{},"s":{"0":0},"f":{"0":0},"b":{}}
,"/Users/dj/repos/markets/.claude/worktrees/agent-ae8ee6f7/markets-app/lib/apollo.ts": {"path":"/Users/dj/repos/markets/.claude/worktrees/agent-ae8ee6f7/markets-app/lib/apollo.ts","statementMap":{"0":{"start":{"line":5,"column":17},"end":{"line":7,"column":2}},"1":{"start":{"line":9,"column":17},"end":{"line":18,"column":2}},"2":{"start":{"line":11,"column":18},"end":{"line":11,"column":74}},"3":{"start":{"line":12,"column":2},"end":{"line":17,"column":4}},"4":{"start":{"line":20,"column":28},"end":{"line":23,"column":2}}},"fnMap":{"0":{"name":"(anonymous_0)","decl":{"start":{"line":9,"column":36},"end":{"line":9,"column":37}},"loc":{"start":{"line":9,"column":53},"end":{"line":18,"column":1}},"line":9}},"branchMap":{"0":{"loc":{"start":{"line":6,"column":7},"end":{"line":6,"column":74}},"type":"binary-expr","locations":[{"start":{"line":6,"column":7},"end":{"line":6,"column":41}},{"start":{"line":6,"column":45},"end":{"line":6,"column":74}}],"line":6},"1":{"loc":{"start":{"line":11,"column":19},"end":{"line":11,"column":47}},"type":"binary-expr","locations":[{"start":{"line":11,"column":19},"end":{"line":11,"column":41}},{"start":{"line":11,"column":45},"end":{"line":11,"column":47}}],"line":11}},"s":{"0":0,"1":0,"2":0,"3":0,"4":0},"f":{"0":0},"b":{"0":[0,0],"1":[0,0]}}
,"/Users/dj/repos/markets/.claude/worktrees/agent-ae8ee6f7/markets-app/lib/firebase.ts": {"path":"/Users/dj/repos/markets/.claude/worktrees/agent-ae8ee6f7/markets-app/lib/firebase.ts","statementMap":{"0":{"start":{"line":10,"column":30},"end":{"line":16,"column":1}}},"fnMap":{},"branchMap":{"0":{"loc":{"start":{"line":12,"column":10},"end":{"line":12,"column":59}},"type":"binary-expr","locations":[{"start":{"line":12,"column":10},"end":{"line":12,"column":53}},{"start":{"line":12,"column":57},"end":{"line":12,"column":59}}],"line":12},"1":{"loc":{"start":{"line":13,"column":14},"end":{"line":13,"column":67}},"type":"binary-expr","locations":[{"start":{"line":13,"column":14},"end":{"line":13,"column":61}},{"start":{"line":13,"column":65},"end":{"line":13,"column":67}}],"line":13},"2":{"loc":{"start":{"line":14,"column":13},"end":{"line":14,"column":65}},"type":"binary-expr","locations":[{"start":{"line":14,"column":13},"end":{"line":14,"column":59}},{"start":{"line":14,"column":63},"end":{"line":14,"column":65}}],"line":14},"3":{"loc":{"start":{"line":15,"column":15},"end":{"line":15,"column":69}},"type":"binary-expr","locations":[{"start":{"line":15,"column":15},"end":{"line":15,"column":63}},{"start":{"line":15,"column":67},"end":{"line":15,"column":69}}],"line":15}},"s":{"0":0},"f":{},"b":{"0":[0,0],"1":[0,0],"2":[0,0],"3":[0,0]}}
,"/Users/dj/repos/markets/.claude/worktrees/agent-ae8ee6f7/markets-app/lib/mmkv.ts": {"path":"/Users/dj/repos/markets/.claude/worktrees/agent-ae8ee6f7/markets-app/lib/mmkv.ts","statementMap":{"0":{"start":{"line":11,"column":25},"end":{"line":14,"column":10}}},"fnMap":{},"branchMap":{},"s":{"0":0},"f":{},"b":{}}
,"/Users/dj/repos/markets/.claude/worktrees/agent-ae8ee6f7/markets-app/lib/notifications.ts": {"path":"/Users/dj/repos/markets/.claude/worktrees/agent-ae8ee6f7/markets-app/lib/notifications.ts","statementMap":{"0":{"start":{"line":12,"column":37},"end":{"line":16,"column":10}}},"fnMap":{},"branchMap":{},"s":{"0":0},"f":{},"b":{}}
}
