TN:
SF:app/+not-found.tsx
FN:6,NotFoundScreen
FNF:1
FNH:0
FNDA:0,NotFoundScreen
DA:7,0
LF:1
LH:0
BRF:0
BRH:0
end_of_record
TN:
SF:app/_layout.tsx
FN:27,useAuth
FN:33,RootLayout
FN:38,(anonymous_2)
FN:42,(anonymous_3)
FN:55,RootLayoutNav
FN:61,(anonymous_5)
FNF:6
FNH:0
FNDA:0,useAuth
FNDA:0,RootLayout
FNDA:0,(anonymous_2)
FNDA:0,(anonymous_3)
FNDA:0,RootLayoutNav
FNDA:0,(anonymous_5)
DA:17,0
DA:30,0
DA:34,0
DA:38,0
DA:39,0
DA:42,0
DA:43,0
DA:44,0
DA:48,0
DA:49,0
DA:52,0
DA:56,0
DA:57,0
DA:58,0
DA:59,0
DA:61,0
DA:62,0
DA:64,0
DA:65,0
DA:66,0
DA:67,0
DA:68,0
DA:69,0
DA:70,0
DA:72,0
DA:77,0
LF:26
LH:0
BRDA:39,0,0,0
BRDA:39,0,1,0
BRDA:43,1,0,0
BRDA:43,1,1,0
BRDA:48,2,0,0
BRDA:48,2,1,0
BRDA:64,3,0,0
BRDA:64,3,1,0
BRDA:64,4,0,0
BRDA:64,4,1,0
BRDA:66,5,0,0
BRDA:66,5,1,0
BRDA:66,6,0,0
BRDA:66,6,1,0
BRDA:67,7,0,0
BRDA:67,7,1,0
BRDA:69,8,0,0
BRDA:69,8,1,0
BRDA:80,9,0,0
BRDA:80,9,1,0
BRDA:80,10,0,0
BRDA:80,10,1,0
BRDA:82,11,0,0
BRDA:82,11,1,0
BRF:24
BRH:0
end_of_record
TN:
SF:app/(auth)/_layout.tsx
FN:3,AuthLayout
FNF:1
FNH:0
FNDA:0,AuthLayout
DA:4,0
LF:1
LH:0
BRF:0
BRH:0
end_of_record
TN:
SF:app/(auth)/index.tsx
FN:5,SignInScreen
FNF:1
FNH:0
FNDA:0,SignInScreen
DA:6,0
LF:1
LH:0
BRF:0
BRH:0
end_of_record
TN:
SF:app/(customer)/_layout.tsx
FN:4,CustomerLayout
FN:11,(anonymous_1)
FN:19,(anonymous_2)
FN:27,(anonymous_3)
FNF:4
FNH:0
FNDA:0,CustomerLayout
FNDA:0,(anonymous_1)
FNDA:0,(anonymous_2)
FNDA:0,(anonymous_3)
DA:5,0
DA:11,0
DA:19,0
DA:27,0
LF:4
LH:0
BRF:0
BRH:0
end_of_record
TN:
SF:app/(customer)/discover.tsx
FN:5,DiscoverScreen
FNF:1
FNH:0
FNDA:0,DiscoverScreen
DA:6,0
LF:1
LH:0
BRF:0
BRH:0
end_of_record
TN:
SF:app/(customer)/following.tsx
FN:5,FollowingScreen
FNF:1
FNH:0
FNDA:0,FollowingScreen
DA:6,0
LF:1
LH:0
BRF:0
BRH:0
end_of_record
TN:
SF:app/(customer)/profile.tsx
FN:5,CustomerProfileScreen
FNF:1
FNH:0
FNDA:0,CustomerProfileScreen
DA:6,0
LF:1
LH:0
BRF:0
BRH:0
end_of_record
TN:
SF:app/(manager)/_layout.tsx
FN:4,ManagerLayout
FN:11,(anonymous_1)
FN:19,(anonymous_2)
FN:27,(anonymous_3)
FNF:4
FNH:0
FNDA:0,ManagerLayout
FNDA:0,(anonymous_1)
FNDA:0,(anonymous_2)
FNDA:0,(anonymous_3)
DA:5,0
DA:11,0
DA:19,0
DA:27,0
LF:4
LH:0
BRF:0
BRH:0
end_of_record
TN:
SF:app/(manager)/dashboard.tsx
FN:5,DashboardScreen
FNF:1
FNH:0
FNDA:0,DashboardScreen
DA:6,0
LF:1
LH:0
BRF:0
BRH:0
end_of_record
TN:
SF:app/(manager)/profile.tsx
FN:5,ManagerProfileScreen
FNF:1
FNH:0
FNDA:0,ManagerProfileScreen
DA:6,0
LF:1
LH:0
BRF:0
BRH:0
end_of_record
TN:
SF:app/(manager)/vendors.tsx
FN:5,ManagerVendorsScreen
FNF:1
FNH:0
FNDA:0,ManagerVendorsScreen
DA:6,0
LF:1
LH:0
BRF:0
BRH:0
end_of_record
TN:
SF:app/(vendor)/_layout.tsx
FN:4,VendorLayout
FN:11,(anonymous_1)
FN:19,(anonymous_2)
FN:27,(anonymous_3)
FNF:4
FNH:0
FNDA:0,VendorLayout
FNDA:0,(anonymous_1)
FNDA:0,(anonymous_2)
FNDA:0,(anonymous_3)
DA:5,0
DA:11,0
DA:19,0
DA:27,0
LF:4
LH:0
BRF:0
BRH:0
end_of_record
TN:
SF:app/(vendor)/markets.tsx
FN:5,VendorMarketsScreen
FNF:1
FNH:0
FNDA:0,VendorMarketsScreen
DA:6,0
LF:1
LH:0
BRF:0
BRH:0
end_of_record
TN:
SF:app/(vendor)/profile.tsx
FN:5,VendorProfileScreen
FNF:1
FNH:0
FNDA:0,VendorProfileScreen
DA:6,0
LF:1
LH:0
BRF:0
BRH:0
end_of_record
TN:
SF:app/(vendor)/status.tsx
FN:5,VendorStatusScreen
FNF:1
FNH:0
FNDA:0,VendorStatusScreen
DA:6,0
LF:1
LH:0
BRF:0
BRH:0
end_of_record
TN:
SF:components/gluestack-ui-provider/config.ts
FNF:0
FNH:0
DA:3,0
LF:1
LH:0
BRF:0
BRH:0
end_of_record
TN:
SF:components/gluestack-ui-provider/index.tsx
FN:10,GluestackUIProvider
FNF:1
FNH:0
FNDA:0,GluestackUIProvider
DA:11,0
DA:12,0
DA:13,0
DA:15,0
LF:4
LH:0
BRDA:12,0,0,0
BRDA:12,0,1,0
BRDA:12,1,0,0
BRDA:12,1,1,0
BRDA:13,2,0,0
BRDA:13,2,1,0
BRDA:16,3,0,0
BRDA:16,3,1,0
BRF:8
BRH:0
end_of_record
TN:
SF:components/ui/box/index.tsx
FN:8,Box
FNF:1
FNH:0
FNDA:0,Box
DA:9,0
LF:1
LH:0
BRF:0
BRH:0
end_of_record
TN:
SF:components/ui/button/index.tsx
FN:13,Button
FN:21,ButtonText
FNF:2
FNH:0
FNDA:0,Button
FNDA:0,ButtonText
DA:14,0
DA:22,0
LF:2
LH:0
BRF:0
BRH:0
end_of_record
TN:
SF:components/ui/heading/index.tsx
FN:8,Heading
FNF:1
FNH:0
FNDA:0,Heading
DA:9,0
LF:1
LH:0
BRF:0
BRH:0
end_of_record
TN:
SF:components/ui/input/index.tsx
FN:8,Input
FN:16,InputField
FNF:2
FNH:0
FNDA:0,Input
FNDA:0,InputField
DA:9,0
DA:17,0
LF:2
LH:0
BRF:0
BRH:0
end_of_record
TN:
SF:components/ui/text/index.tsx
FN:8,Text
FNF:1
FNH:0
FNDA:0,Text
DA:9,0
LF:1
LH:0
BRF:0
BRH:0
end_of_record
TN:
SF:lib/apollo.ts
FN:9,(anonymous_0)
FNF:1
FNH:0
FNDA:0,(anonymous_0)
DA:5,0
DA:9,0
DA:11,0
DA:12,0
DA:20,0
LF:5
LH:0
BRDA:6,0,0,0
BRDA:6,0,1,0
BRDA:11,1,0,0
BRDA:11,1,1,0
BRF:4
BRH:0
end_of_record
TN:
SF:lib/firebase.ts
FNF:0
FNH:0
DA:10,0
LF:1
LH:0
BRDA:12,0,0,0
BRDA:12,0,1,0
BRDA:13,1,0,0
BRDA:13,1,1,0
BRDA:14,2,0,0
BRDA:14,2,1,0
BRDA:15,3,0,0
BRDA:15,3,1,0
BRF:8
BRH:0
end_of_record
TN:
SF:lib/mmkv.ts
FNF:0
FNH:0
DA:11,0
LF:1
LH:0
BRF:0
BRH:0
end_of_record
TN:
SF:lib/notifications.ts
FNF:0
FNH:0
DA:12,0
LF:1
LH:0
BRF:0
BRH:0
end_of_record
